<?xml version="1.0" encoding="UTF-8"?>
<testsuite xmlns:xsi="http://www.w3.org/2001/XMLSchema-instance" xsi:noNamespaceSchemaLocation="https://maven.apache.org/surefire/maven-surefire-plugin/xsd/surefire-test-report.xsd" name="TestSuite" time="26.011" tests="21" errors="0" skipped="0" failures="0">
  <properties>
    <property name="sun.desktop" value="windows"/>
    <property name="awt.toolkit" value="sun.awt.windows.WToolkit"/>
    <property name="file.encoding.pkg" value="sun.io"/>
    <property name="java.specification.version" value="1.8"/>
    <property name="sun.cpu.isalist" value="amd64"/>
    <property name="sun.jnu.encoding" value="Cp1252"/>
    <property name="java.class.path" value="F:\qe-takehome-tests-master\target\test-classes;F:\qe-takehome-tests-master\target\classes;C:\Users\Krishna Singh\.m2\repository\org\slf4j\slf4j-simple\1.7.9\slf4j-simple-1.7.9.jar;C:\Users\Krishna Singh\.m2\repository\org\slf4j\slf4j-api\1.7.9\slf4j-api-1.7.9.jar;C:\Users\Krishna Singh\.m2\repository\org\testng\testng\6.14.3\testng-6.14.3.jar;C:\Users\Krishna Singh\.m2\repository\com\beust\jcommander\1.72\jcommander-1.72.jar;C:\Users\Krishna Singh\.m2\repository\org\apache-extras\beanshell\bsh\2.0b6\bsh-2.0b6.jar;C:\Users\Krishna Singh\.m2\repository\io\github\bonigarcia\webdrivermanager\3.4.0\webdrivermanager-3.4.0.jar;C:\Users\Krishna Singh\.m2\repository\commons-io\commons-io\2.6\commons-io-2.6.jar;C:\Users\Krishna Singh\.m2\repository\com\google\code\gson\gson\2.8.5\gson-2.8.5.jar;C:\Users\Krishna Singh\.m2\repository\org\apache\commons\commons-lang3\3.8.1\commons-lang3-3.8.1.jar;C:\Users\Krishna Singh\.m2\repository\org\apache\httpcomponents\httpclient\4.5.6\httpclient-4.5.6.jar;C:\Users\Krishna Singh\.m2\repository\org\apache\httpcomponents\httpcore\4.4.10\httpcore-4.4.10.jar;C:\Users\Krishna Singh\.m2\repository\commons-logging\commons-logging\1.2\commons-logging-1.2.jar;C:\Users\Krishna Singh\.m2\repository\commons-codec\commons-codec\1.10\commons-codec-1.10.jar;C:\Users\Krishna Singh\.m2\repository\org\rauschig\jarchivelib\1.0.0\jarchivelib-1.0.0.jar;C:\Users\Krishna Singh\.m2\repository\org\apache\commons\commons-compress\1.18\commons-compress-1.18.jar;C:\Users\Krishna Singh\.m2\repository\org\jsoup\jsoup\1.11.3\jsoup-1.11.3.jar;C:\Users\Krishna Singh\.m2\repository\org\seleniumhq\selenium\selenium-java\3.141.59\selenium-java-3.141.59.jar;C:\Users\Krishna Singh\.m2\repository\org\seleniumhq\selenium\selenium-api\3.141.59\selenium-api-3.141.59.jar;C:\Users\Krishna Singh\.m2\repository\org\seleniumhq\selenium\selenium-chrome-driver\3.141.59\selenium-chrome-driver-3.141.59.jar;C:\Users\Krishna Singh\.m2\repository\org\seleniumhq\selenium\selenium-edge-driver\3.141.59\selenium-edge-driver-3.141.59.jar;C:\Users\Krishna Singh\.m2\repository\org\seleniumhq\selenium\selenium-firefox-driver\3.141.59\selenium-firefox-driver-3.141.59.jar;C:\Users\Krishna Singh\.m2\repository\org\seleniumhq\selenium\selenium-ie-driver\3.141.59\selenium-ie-driver-3.141.59.jar;C:\Users\Krishna Singh\.m2\repository\org\seleniumhq\selenium\selenium-opera-driver\3.141.59\selenium-opera-driver-3.141.59.jar;C:\Users\Krishna Singh\.m2\repository\org\seleniumhq\selenium\selenium-remote-driver\3.141.59\selenium-remote-driver-3.141.59.jar;C:\Users\Krishna Singh\.m2\repository\org\seleniumhq\selenium\selenium-safari-driver\3.141.59\selenium-safari-driver-3.141.59.jar;C:\Users\Krishna Singh\.m2\repository\org\seleniumhq\selenium\selenium-support\3.141.59\selenium-support-3.141.59.jar;C:\Users\Krishna Singh\.m2\repository\net\bytebuddy\byte-buddy\1.8.15\byte-buddy-1.8.15.jar;C:\Users\Krishna Singh\.m2\repository\org\apache\commons\commons-exec\1.3\commons-exec-1.3.jar;C:\Users\Krishna Singh\.m2\repository\com\google\guava\guava\25.0-jre\guava-25.0-jre.jar;C:\Users\Krishna Singh\.m2\repository\com\google\code\findbugs\jsr305\1.3.9\jsr305-1.3.9.jar;C:\Users\Krishna Singh\.m2\repository\org\checkerframework\checker-compat-qual\2.0.0\checker-compat-qual-2.0.0.jar;C:\Users\Krishna Singh\.m2\repository\com\google\errorprone\error_prone_annotations\2.1.3\error_prone_annotations-2.1.3.jar;C:\Users\Krishna Singh\.m2\repository\com\google\j2objc\j2objc-annotations\1.1\j2objc-annotations-1.1.jar;C:\Users\Krishna Singh\.m2\repository\org\codehaus\mojo\animal-sniffer-annotations\1.14\animal-sniffer-annotations-1.14.jar;C:\Users\Krishna Singh\.m2\repository\com\squareup\okhttp3\okhttp\3.11.0\okhttp-3.11.0.jar;C:\Users\Krishna Singh\.m2\repository\com\squareup\okio\okio\1.14.0\okio-1.14.0.jar;"/>
    <property name="java.vm.vendor" value="Oracle Corporation"/>
    <property name="sun.arch.data.model" value="64"/>
    <property name="user.variant" value=""/>
    <property name="java.vendor.url" value="http://java.oracle.com/"/>
    <property name="user.timezone" value="Asia/Calcutta"/>
    <property name="java.vm.specification.version" value="1.8"/>
    <property name="os.name" value="Windows 10"/>
    <property name="user.country" value="US"/>
    <property name="sun.java.launcher" value="SUN_STANDARD"/>
    <property name="sun.boot.library.path" value="F:\Programs\jdk-8u231-windows-x64\jre\bin"/>
    <property name="sun.java.command" value="C:\Users\KRISHN~1\AppData\Local\Temp\surefire4096270040916150973\surefirebooter6791489057334247329.jar C:\Users\Krishna Singh\AppData\Local\Temp\surefire4096270040916150973 2019-12-18T01-47-22_355-jvmRun1 surefire900722754535429437tmp surefire_07022391879109034734tmp"/>
    <property name="surefire.test.class.path" value="F:\qe-takehome-tests-master\target\test-classes;F:\qe-takehome-tests-master\target\classes;C:\Users\Krishna Singh\.m2\repository\org\slf4j\slf4j-simple\1.7.9\slf4j-simple-1.7.9.jar;C:\Users\Krishna Singh\.m2\repository\org\slf4j\slf4j-api\1.7.9\slf4j-api-1.7.9.jar;C:\Users\Krishna Singh\.m2\repository\org\testng\testng\6.14.3\testng-6.14.3.jar;C:\Users\Krishna Singh\.m2\repository\com\beust\jcommander\1.72\jcommander-1.72.jar;C:\Users\Krishna Singh\.m2\repository\org\apache-extras\beanshell\bsh\2.0b6\bsh-2.0b6.jar;C:\Users\Krishna Singh\.m2\repository\io\github\bonigarcia\webdrivermanager\3.4.0\webdrivermanager-3.4.0.jar;C:\Users\Krishna Singh\.m2\repository\commons-io\commons-io\2.6\commons-io-2.6.jar;C:\Users\Krishna Singh\.m2\repository\com\google\code\gson\gson\2.8.5\gson-2.8.5.jar;C:\Users\Krishna Singh\.m2\repository\org\apache\commons\commons-lang3\3.8.1\commons-lang3-3.8.1.jar;C:\Users\Krishna Singh\.m2\repository\org\apache\httpcomponents\httpclient\4.5.6\httpclient-4.5.6.jar;C:\Users\Krishna Singh\.m2\repository\org\apache\httpcomponents\httpcore\4.4.10\httpcore-4.4.10.jar;C:\Users\Krishna Singh\.m2\repository\commons-logging\commons-logging\1.2\commons-logging-1.2.jar;C:\Users\Krishna Singh\.m2\repository\commons-codec\commons-codec\1.10\commons-codec-1.10.jar;C:\Users\Krishna Singh\.m2\repository\org\rauschig\jarchivelib\1.0.0\jarchivelib-1.0.0.jar;C:\Users\Krishna Singh\.m2\repository\org\apache\commons\commons-compress\1.18\commons-compress-1.18.jar;C:\Users\Krishna Singh\.m2\repository\org\jsoup\jsoup\1.11.3\jsoup-1.11.3.jar;C:\Users\Krishna Singh\.m2\repository\org\seleniumhq\selenium\selenium-java\3.141.59\selenium-java-3.141.59.jar;C:\Users\Krishna Singh\.m2\repository\org\seleniumhq\selenium\selenium-api\3.141.59\selenium-api-3.141.59.jar;C:\Users\Krishna Singh\.m2\repository\org\seleniumhq\selenium\selenium-chrome-driver\3.141.59\selenium-chrome-driver-3.141.59.jar;C:\Users\Krishna Singh\.m2\repository\org\seleniumhq\selenium\selenium-edge-driver\3.141.59\selenium-edge-driver-3.141.59.jar;C:\Users\Krishna Singh\.m2\repository\org\seleniumhq\selenium\selenium-firefox-driver\3.141.59\selenium-firefox-driver-3.141.59.jar;C:\Users\Krishna Singh\.m2\repository\org\seleniumhq\selenium\selenium-ie-driver\3.141.59\selenium-ie-driver-3.141.59.jar;C:\Users\Krishna Singh\.m2\repository\org\seleniumhq\selenium\selenium-opera-driver\3.141.59\selenium-opera-driver-3.141.59.jar;C:\Users\Krishna Singh\.m2\repository\org\seleniumhq\selenium\selenium-remote-driver\3.141.59\selenium-remote-driver-3.141.59.jar;C:\Users\Krishna Singh\.m2\repository\org\seleniumhq\selenium\selenium-safari-driver\3.141.59\selenium-safari-driver-3.141.59.jar;C:\Users\Krishna Singh\.m2\repository\org\seleniumhq\selenium\selenium-support\3.141.59\selenium-support-3.141.59.jar;C:\Users\Krishna Singh\.m2\repository\net\bytebuddy\byte-buddy\1.8.15\byte-buddy-1.8.15.jar;C:\Users\Krishna Singh\.m2\repository\org\apache\commons\commons-exec\1.3\commons-exec-1.3.jar;C:\Users\Krishna Singh\.m2\repository\com\google\guava\guava\25.0-jre\guava-25.0-jre.jar;C:\Users\Krishna Singh\.m2\repository\com\google\code\findbugs\jsr305\1.3.9\jsr305-1.3.9.jar;C:\Users\Krishna Singh\.m2\repository\org\checkerframework\checker-compat-qual\2.0.0\checker-compat-qual-2.0.0.jar;C:\Users\Krishna Singh\.m2\repository\com\google\errorprone\error_prone_annotations\2.1.3\error_prone_annotations-2.1.3.jar;C:\Users\Krishna Singh\.m2\repository\com\google\j2objc\j2objc-annotations\1.1\j2objc-annotations-1.1.jar;C:\Users\Krishna Singh\.m2\repository\org\codehaus\mojo\animal-sniffer-annotations\1.14\animal-sniffer-annotations-1.14.jar;C:\Users\Krishna Singh\.m2\repository\com\squareup\okhttp3\okhttp\3.11.0\okhttp-3.11.0.jar;C:\Users\Krishna Singh\.m2\repository\com\squareup\okio\okio\1.14.0\okio-1.14.0.jar;"/>
    <property name="sun.cpu.endian" value="little"/>
    <property name="user.home" value="C:\Users\Krishna Singh"/>
    <property name="user.language" value="en"/>
    <property name="java.specification.vendor" value="Oracle Corporation"/>
    <property name="java.home" value="F:\Programs\jdk-8u231-windows-x64\jre"/>
    <property name="basedir" value="F:\qe-takehome-tests-master"/>
    <property name="file.separator" value="\"/>
    <property name="line.separator" value="&#10;"/>
    <property name="java.vm.specification.vendor" value="Oracle Corporation"/>
    <property name="java.specification.name" value="Java Platform API Specification"/>
    <property name="java.awt.graphicsenv" value="sun.awt.Win32GraphicsEnvironment"/>
    <property name="surefire.real.class.path" value="C:\Users\KRISHN~1\AppData\Local\Temp\surefire4096270040916150973\surefirebooter6791489057334247329.jar"/>
    <property name="sun.boot.class.path" value="F:\Programs\jdk-8u231-windows-x64\jre\lib\resources.jar;F:\Programs\jdk-8u231-windows-x64\jre\lib\rt.jar;F:\Programs\jdk-8u231-windows-x64\jre\lib\sunrsasign.jar;F:\Programs\jdk-8u231-windows-x64\jre\lib\jsse.jar;F:\Programs\jdk-8u231-windows-x64\jre\lib\jce.jar;F:\Programs\jdk-8u231-windows-x64\jre\lib\charsets.jar;F:\Programs\jdk-8u231-windows-x64\jre\lib\jfr.jar;F:\Programs\jdk-8u231-windows-x64\jre\classes"/>
    <property name="user.script" value=""/>
    <property name="sun.management.compiler" value="HotSpot 64-Bit Tiered Compilers"/>
    <property name="java.runtime.version" value="1.8.0_231-b11"/>
    <property name="user.name" value="AB D"/>
    <property name="path.separator" value=";"/>
    <property name="os.version" value="10.0"/>
    <property name="java.endorsed.dirs" value="F:\Programs\jdk-8u231-windows-x64\jre\lib\endorsed"/>
    <property name="java.runtime.name" value="Java(TM) SE Runtime Environment"/>
    <property name="file.encoding" value="Cp1252"/>
    <property name="java.vm.name" value="Java HotSpot(TM) 64-Bit Server VM"/>
    <property name="localRepository" value="C:\Users\Krishna Singh\.m2\repository"/>
    <property name="java.vendor.url.bug" value="http://bugreport.sun.com/bugreport/"/>
    <property name="java.io.tmpdir" value="C:\Users\KRISHN~1\AppData\Local\Temp\"/>
    <property name="java.version" value="1.8.0_231"/>
    <property name="user.dir" value="F:\qe-takehome-tests-master"/>
    <property name="os.arch" value="amd64"/>
    <property name="java.vm.specification.name" value="Java Virtual Machine Specification"/>
    <property name="java.awt.printerjob" value="sun.awt.windows.WPrinterJob"/>
    <property name="sun.os.patch.level" value=""/>
    <property name="java.library.path" value="F:\Programs\jdk-8u231-windows-x64\jre\bin;C:\WINDOWS\Sun\Java\bin;C:\WINDOWS\system32;C:\WINDOWS;E:\Bhole_Nath\Build_Tools\curl-7.66.0-win64-mingw\bin;E:\Bhole_Nath\Build_Tools\sqlite;C:\WINDOWS\system32;C:\WINDOWS;C:\WINDOWS\System32\Wbem;C:\WINDOWS\System32\WindowsPowerShell\v1.0\;C:\WINDOWS\System32\OpenSSH\;C:\Program Files\Git;C:\Program Files\Git\cmd;C:\Program Files\Git\bin;C:\Program Files\Git\usr\bin;;C:\Program Files\MySQL\MySQL Server 8.0\bin;C:\Users\Krishna Singh\AppData\Local\Programs\Python\Python37;C:\Users\Krishna Singh\AppData\Local\Programs\Python\Python37;C:\Users\Krishna Singh\AppData\Local\Programs\Python\Python37\Scripts;C:\Users\Krishna Singh\AppData\Roaming\Python\Python37\Scripts;C:\Users\Krishna Singh\AppData\Local\Programs\Python\Python37\DLLs;;F:\Programs\jdk-8u231-windows-x64\bin;E:\Bhole_Nath\Build_Tools\apache-ant-1.10.6\bin;E:\Bhole_Nath\Build_Tools\apache-maven-3.6.2\bin;E:\Bhole_Nath\Build_Tools\gradle\bin;E:\Bhole_Nath\Build_Tools\go1.13.4.windows-amd64\go\bin;C:\Users\Krishna Singh\AppData\Local\Android\Sdk\tools;C:\Users\Krishna Singh\AppData\Local\Android\Sdk\platform-tools;C:\Users\Krishna Singh\AppData\Local\Android\Sdk\tools\bin;C:\Users\Krishna Singh\AppData\Local\Android\Sdk;E:\Bhole_Nath\Build_Tools\rubyinstaller-2.6.5-1-x64\bin;E:\Bhole_Nath\Build_Tools\groovy-2.5.7\bin;E:\Bhole_Nath\Build_Tools\putty;C:\Program Files\nodejs\;E:\Bhole_Nath\Build_Tools\scala-2.13.1\bin;C:\Program Files\Git\cmd;F:\Programs\mongodb-win32-x86_64-2012plus-4.2.1\bin;;C:\Program Files (x86)\Gow\bin;E:\Bhole_Nath\Build_Tools\curl-7.65.1-win64-mingw\bin;C:\Users\Krishna Singh\AppData\Local\Programs\Python\Python37\Scripts\;C:\Users\Krishna Singh\AppData\Local\Programs\Python\Python37\;C:\Users\Krishna Singh\AppData\Local\Microsoft\WindowsApps;C:\Users\Krishna Singh\AppData\Local\Programs\Microsoft VS Code\bin;E:\Bhole_Nath\Build_Tools\Jython\bin;C:\Users\Krishna Singh\AppData\Roaming\npm;."/>
    <property name="java.vm.info" value="mixed mode"/>
    <property name="java.vendor" value="Oracle Corporation"/>
    <property name="java.vm.version" value="25.231-b11"/>
    <property name="java.ext.dirs" value="F:\Programs\jdk-8u231-windows-x64\jre\lib\ext;C:\WINDOWS\Sun\Java\lib\ext"/>
    <property name="sun.io.unicode.encoding" value="UnicodeLittle"/>
    <property name="java.class.version" value="52.0"/>
  </properties>
  <testcase name="sloganPresent" classname="com.vlocity.qe.WikipediaTest" time="0.083"/>
  <testcase name="testHyperLinksStatus" classname="com.vlocity.qe.WikipediaTest" time="0.715"/>
  <testcase name="testHyperLinksStatus" classname="com.vlocity.qe.WikipediaTest" time="0.7"/>
  <testcase name="testHyperLinksStatus" classname="com.vlocity.qe.WikipediaTest" time="0.937"/>
  <testcase name="testHyperLinksStatus" classname="com.vlocity.qe.WikipediaTest" time="0.719"/>
  <testcase name="testHyperLinksStatus" classname="com.vlocity.qe.WikipediaTest" time="1.266"/>
  <testcase name="testHyperLinksStatus" classname="com.vlocity.qe.WikipediaTest" time="1.016"/>
  <testcase name="testHyperLinksStatus" classname="com.vlocity.qe.WikipediaTest" time="1"/>
  <testcase name="testHyperLinksStatus" classname="com.vlocity.qe.WikipediaTest" time="1.276"/>
  <testcase name="testHyperLinksStatus" classname="com.vlocity.qe.WikipediaTest" time="0.801"/>
  <testcase name="testHyperLinksStatus" classname="com.vlocity.qe.WikipediaTest" time="0.93"/>
  <testcase name="verifyLanguagePresent" classname="com.vlocity.qe.WikipediaTest" time="0.438"/>
  <testcase name="verifyLanguagePresent" classname="com.vlocity.qe.WikipediaTest" time="0.166"/>
  <testcase name="verifyLanguagePresent" classname="com.vlocity.qe.WikipediaTest" time="0.201"/>
  <testcase name="verifyLanguagePresent" classname="com.vlocity.qe.WikipediaTest" time="0.281"/>
  <testcase name="verifyLanguagePresent" classname="com.vlocity.qe.WikipediaTest" time="0.149"/>
  <testcase name="verifyLanguagePresent" classname="com.vlocity.qe.WikipediaTest" time="0.18"/>
  <testcase name="verifyLanguagePresent" classname="com.vlocity.qe.WikipediaTest" time="0.163"/>
  <testcase name="verifyLanguagePresent" classname="com.vlocity.qe.WikipediaTest" time="0.168"/>
  <testcase name="verifyLanguagePresent" classname="com.vlocity.qe.WikipediaTest" time="0.171"/>
  <testcase name="verifyLanguagePresent" classname="com.vlocity.qe.WikipediaTest" time="0.168"/>
</testsuite>